Arguments: 
  /Users/cobraz/.nvm/versions/node/v10.16.0/bin/node /usr/local/Cellar/yarn/1.22.0/libexec/bin/yarn.js

PATH: 
  /Users/cobraz/.nvm/versions/node/v10.16.0/bin:/Users/cobraz/.netlify/helper/bin:/Users/cobraz/bin:/Users/cobraz/google-cloud-sdk/bin/:/Users/cobraz/.composer/vendor/bin:~/Library/Python/2.7/bin/:/Users/cobraz/.fastlane/bin:/usr/local/bin:/usr/bin:/bin:/usr/sbin:/sbin:/usr/local/go/bin:/usr/local/share/dotnet:~/.dotnet/tools:/Library/Frameworks/Mono.framework/Versions/Current/Commands:/Applications/Xamarin Workbooks.app/Contents/SharedSupport/path-bin:/Users/cobraz/.netlify/helper/bin:/Users/cobraz/bin:/Users/cobraz/google-cloud-sdk/bin/:/Users/cobraz/.composer/vendor/bin:~/Library/Python/2.7/bin/:/Users/cobraz/.fastlane/bin:/Applications/Visual Studio Code.app/Contents/Resources/app/bin:/Applications/flutter/bin:/Users/cobraz/.bin:/Applications/Visual Studio Code.app/Contents/Resources/app/bin:/Applications/flutter/bin:/Users/cobraz/.bin:~/Library/Python/2.7/bin/:/bin:~/Library/Python/2.7/bin/

Yarn version: 
  1.22.0

Node version: 
  10.16.0

Platform: 
  darwin x64

Trace: 
  SyntaxError: /Users/cobraz/Repos/crayon-api-js/package.json: Unexpected token } in JSON at position 932
      at JSON.parse (<anonymous>)
      at /usr/local/Cellar/yarn/1.22.0/libexec/lib/cli.js:1625:59
      at Generator.next (<anonymous>)
      at step (/usr/local/Cellar/yarn/1.22.0/libexec/lib/cli.js:310:30)
      at /usr/local/Cellar/yarn/1.22.0/libexec/lib/cli.js:321:13

npm manifest: 
  {
    "name": "@bjerkio/crayon-api",
    "version": "0.0.0",
    "description": "Typescript / Javascript class for Crayon API",
    "private": false,
    "files": [
      "dist/**",
      "custom.d.ts"
    ],
    "keywords": [
      "crayon",
      "crayonapi",
      "crayon customer api",
      "rest-api"
    ],
    "repository": {
      "type": "git",
      "url": "git+https://github.com/bjerkio/crayon-api-js.git"
    },
    "author": "Simen A. W. Olsen <so@ayr.no> (httpi://bjerk.io)",
    "license": "MIT",
    "bugs": {
      "url": "https://github.com/bjerkio/crayon-api-js/issues"
    },
    "homepage": "https://github.com/bjerkio/crayon-api-js#readme",
    "main": "./dist/index.js",
    "typings": "./dist/index.d.ts",
    "scripts" : {
      "build": "tsc --outDir dist/",
      "postbuild": "npm run generate-docs",
      "postinstall": "npm run build",
      "generate-docs": "typedoc --mode file --readme none --plugin typedoc-plugin-markdown --hideSources --out docs src",
    },
    "dependencies": {
      "portable-fetch": "^3.0.0"
    },
    "devDependencies": {
      "@types/isomorphic-fetch": "0.0.34",
      "@types/node": "^8.0.9",
      "typedoc": "^0.15.6",
      "typedoc-plugin-markdown": "^2.2.16",
      "typescript": "^2.0"
    }
  }

yarn manifest: 
  No manifest

Lockfile: 
  # THIS IS AN AUTOGENERATED FILE. DO NOT EDIT THIS FILE DIRECTLY.
  # yarn lockfile v1
  
  
  "@types/isomorphic-fetch@0.0.34":
    version "0.0.34"
    resolved "https://registry.yarnpkg.com/@types/isomorphic-fetch/-/isomorphic-fetch-0.0.34.tgz#3c3483e606c041378438e951464f00e4e60706d6"
    integrity sha1-PDSD5gbAQTeEOOlRRk8A5OYHBtY=
  
  "@types/node@^8.0.9":
    version "8.10.59"
    resolved "https://registry.yarnpkg.com/@types/node/-/node-8.10.59.tgz#9e34261f30183f9777017a13d185dfac6b899e04"
    integrity sha512-8RkBivJrDCyPpBXhVZcjh7cQxVBSmRk9QM7hOketZzp6Tg79c0N8kkpAIito9bnJ3HCVCHVYz+KHTEbfQNfeVQ==
  
  encoding@^0.1.11:
    version "0.1.12"
    resolved "https://registry.yarnpkg.com/encoding/-/encoding-0.1.12.tgz#538b66f3ee62cd1ab51ec323829d1f9480c74beb"
    integrity sha1-U4tm8+5izRq1HsMjgp0flIDHS+s=
    dependencies:
      iconv-lite "~0.4.13"
  
  iconv-lite@~0.4.13:
    version "0.4.24"
    resolved "https://registry.yarnpkg.com/iconv-lite/-/iconv-lite-0.4.24.tgz#2022b4b25fbddc21d2f524974a474aafe733908b"
    integrity sha512-v3MXnZAcvnywkTUEZomIActle7RXXeedOR31wwl7VlyoXO4Qi9arvSenNQWne1TcRwhCL1HwLI21bEqdpj8/rA==
    dependencies:
      safer-buffer ">= 2.1.2 < 3"
  
  is-stream@^1.0.1:
    version "1.1.0"
    resolved "https://registry.yarnpkg.com/is-stream/-/is-stream-1.1.0.tgz#12d4a3dd4e68e0b79ceb8dbc84173ae80d91ca44"
    integrity sha1-EtSj3U5o4Lec6428hBc66A2RykQ=
  
  node-fetch@^1.0.1:
    version "1.7.3"
    resolved "https://registry.yarnpkg.com/node-fetch/-/node-fetch-1.7.3.tgz#980f6f72d85211a5347c6b2bc18c5b84c3eb47ef"
    integrity sha512-NhZ4CsKx7cYm2vSrBAr2PvFOe6sWDf0UYLRqA6svUYg7+/TSfVAu49jYC4BvQ4Sms9SZgdqGBgroqfDhJdTyKQ==
    dependencies:
      encoding "^0.1.11"
      is-stream "^1.0.1"
  
  portable-fetch@^3.0.0:
    version "3.0.0"
    resolved "https://registry.yarnpkg.com/portable-fetch/-/portable-fetch-3.0.0.tgz#3cbf4aa6dbc5a5734b41c0419c9273313bfd9ad8"
    integrity sha1-PL9KptvFpXNLQcBBnJJzMTv9mtg=
    dependencies:
      node-fetch "^1.0.1"
      whatwg-fetch ">=0.10.0"
  
  "safer-buffer@>= 2.1.2 < 3":
    version "2.1.2"
    resolved "https://registry.yarnpkg.com/safer-buffer/-/safer-buffer-2.1.2.tgz#44fa161b0187b9549dd84bb91802f9bd8385cd6a"
    integrity sha512-YZo3K82SD7Riyi0E1EQPojLz7kpepnSQI9IyPbHHg1XXXevb5dJI7tpyN2ADxGcQbHG7vcyRHk0cbwqcQriUtg==
  
  typescript@^2.0:
    version "2.9.2"
    resolved "https://registry.yarnpkg.com/typescript/-/typescript-2.9.2.tgz#1cbf61d05d6b96269244eb6a3bce4bd914e0f00c"
    integrity sha512-Gr4p6nFNaoufRIY4NMdpQRNmgxVIGMs4Fcu/ujdYk3nAZqk7supzBE9idmvfZIlH/Cuj//dvi+019qEue9lV0w==
  
  whatwg-fetch@>=0.10.0:
    version "3.0.0"
    resolved "https://registry.yarnpkg.com/whatwg-fetch/-/whatwg-fetch-3.0.0.tgz#fc804e458cc460009b1a2b966bc8817d2578aefb"
    integrity sha512-9GSJUgz1D4MfyKU7KRqwOjXCXTqWdFNvEr7eUBYchQiVc744mqK/MzXPNR2WsPkmkOa4ywfg8C2n8h+13Bey1Q==
